<?xml version="1.0" encoding="UTF-8"?>
<!-- Generated by org.testng.reporters.JUnitXMLReporter -->
<testsuite hostname="QTLSYS0-225" ignored="22" name="Test" tests="1" failures="0" timestamp="13 Jul 2020 12:11:40 GMT" time="294.172" errors="0">
  <testcase name="QC_Sprint_Online_WIILP_ACH_Txn_Testdata" time="278.377" classname="tests.QCStore"/>
  <testcase name="QC_Sprint_Online_WIILP_DC_ACH_Txn_Testdata" time="0.0" classname="tests.QCStore">
    <ignored/>
  </testcase> <!-- QC_Sprint_Online_WIILP_DC_ACH_Txn_Testdata -->
  <testcase name="QC_Sprint5_B20_420_01_Online_MOILP_Txn_Testdata" time="0.0" classname="tests.QCStore">
    <ignored/>
  </testcase> <!-- QC_Sprint5_B20_420_01_Online_MOILP_Txn_Testdata -->
  <testcase name="QC_Sprint7_Online_TS_B20_744_05_MOILP_Txn_Testdata" time="0.0" classname="tests.QCStore">
    <ignored/>
  </testcase> <!-- QC_Sprint7_Online_TS_B20_744_05_MOILP_Txn_Testdata -->
  <testcase name="QC_Sprint6_Online_OKILP_ACH_Txn_Testdata" time="0.0" classname="tests.QCStore">
    <ignored/>
  </testcase> <!-- QC_Sprint6_Online_OKILP_ACH_Txn_Testdata -->
  <testcase name="QC_Sprint_Online_WIILP_ACH_CashAtStore_Txn_Testdata" time="0.0" classname="tests.QCStore">
    <ignored/>
  </testcase> <!-- QC_Sprint_Online_WIILP_ACH_CashAtStore_Txn_Testdata -->
  <testcase name="QC_Sprint7_Online_TS_B20_744_14_WIILP_Txn_Testdata" time="0.0" classname="tests.QCStore">
    <ignored/>
  </testcase> <!-- QC_Sprint7_Online_TS_B20_744_14_WIILP_Txn_Testdata -->
  <testcase name="QC_Sprint7_Online_TS_B20_744_01_MOILP_Txn_Testdata" time="0.0" classname="tests.QCStore">
    <ignored/>
  </testcase> <!-- QC_Sprint7_Online_TS_B20_744_01_MOILP_Txn_Testdata -->
  <testcase name="QC_Sprint_Online_WIILP_DC_ACH_CashAtStore_Txn_Testdata" time="0.0" classname="tests.QCStore">
    <ignored/>
  </testcase> <!-- QC_Sprint_Online_WIILP_DC_ACH_CashAtStore_Txn_Testdata -->
  <testcase name="QC_Sprint5_B20_389_01_Online_MOILP_ACH_AsFunding_Txn_Testdata" time="0.0" classname="tests.QCStore">
    <ignored/>
  </testcase> <!-- QC_Sprint5_B20_389_01_Online_MOILP_ACH_AsFunding_Txn_Testdata -->
  <testcase name="QC_Sprint6_Online_OKILP_ACH_CashAtStore_Txn_Testdata" time="0.0" classname="tests.QCStore">
    <ignored/>
  </testcase> <!-- QC_Sprint6_Online_OKILP_ACH_CashAtStore_Txn_Testdata -->
  <testcase name="QC_Sprint7_Online_TS_B20_744_04_MOILP_Txn_Testdata" time="0.0" classname="tests.QCStore">
    <ignored/>
  </testcase> <!-- QC_Sprint7_Online_TS_B20_744_04_MOILP_Txn_Testdata -->
  <testcase name="QC_Sprint_Online_MOILP_DC_ACH_CashAtStore_Txn_Testdata" time="0.0" classname="tests.QCStore">
    <ignored/>
  </testcase> <!-- QC_Sprint_Online_MOILP_DC_ACH_CashAtStore_Txn_Testdata -->
  <testcase name="QC_Sprint_Online_MOILP_ACH_Txn_Testdata" time="0.0" classname="tests.QCStore">
    <ignored/>
  </testcase> <!-- QC_Sprint_Online_MOILP_ACH_Txn_Testdata -->
  <testcase name="QC_Sprint7_Online_TS_B20_744_03_MOILP_Txn_Testdata" time="0.0" classname="tests.QCStore">
    <ignored/>
  </testcase> <!-- QC_Sprint7_Online_TS_B20_744_03_MOILP_Txn_Testdata -->
  <testcase name="QC_Sprint7_Online_TS_B20_744_08_MOILP_Txn_Testdata" time="0.0" classname="tests.QCStore">
    <ignored/>
  </testcase> <!-- QC_Sprint7_Online_TS_B20_744_08_MOILP_Txn_Testdata -->
  <testcase name="QC_Sprint5_B20_420_02_Online_MOILP_Txn_Testdata" time="0.0" classname="tests.QCStore">
    <ignored/>
  </testcase> <!-- QC_Sprint5_B20_420_02_Online_MOILP_Txn_Testdata -->
  <testcase name="QC_Sprint7_Online_TS_B20_744_18_WIILP_Txn_Testdata" time="0.0" classname="tests.QCStore">
    <ignored/>
  </testcase> <!-- QC_Sprint7_Online_TS_B20_744_18_WIILP_Txn_Testdata -->
  <testcase name="QC_Sprint_Online_WIILP_DC_InstatnFundingWithDC_Txn_Testdata" time="0.0" classname="tests.QCStore">
    <ignored/>
  </testcase> <!-- QC_Sprint_Online_WIILP_DC_InstatnFundingWithDC_Txn_Testdata -->
  <testcase name="QC_Sprint_Online_MOILP_ACH_CashAtStore_Txn_Testdata" time="0.0" classname="tests.QCStore">
    <ignored/>
  </testcase> <!-- QC_Sprint_Online_MOILP_ACH_CashAtStore_Txn_Testdata -->
  <testcase name="QC_Sprint_Online_MOILP_DC_ACH_Txn_Testdata" time="0.0" classname="tests.QCStore">
    <ignored/>
  </testcase> <!-- QC_Sprint_Online_MOILP_DC_ACH_Txn_Testdata -->
  <testcase name="QC_Sprint7_Online_TS_B20_744_16_WIILP_Txn_Testdata" time="0.0" classname="tests.QCStore">
    <ignored/>
  </testcase> <!-- QC_Sprint7_Online_TS_B20_744_16_WIILP_Txn_Testdata -->
  <testcase name="QC_Sprint5_B20_389_02_Online_MOILP_ACH_CashAtStore_Txn_Testdata" time="0.0" classname="tests.QCStore">
    <ignored/>
  </testcase> <!-- QC_Sprint5_B20_389_02_Online_MOILP_ACH_CashAtStore_Txn_Testdata -->
</testsuite> <!-- Test -->
