<?xml version="1.0" encoding="UTF-8"?>
<!-- Generated by org.testng.reporters.JUnitXMLReporter -->
<testsuite hostname="QTLSYS0-225" ignored="4" name="Test" tests="1" failures="0" timestamp="14 Jul 2020 07:14:38 GMT" time="528.222" errors="0">
  <testcase name="QC_Sprint_Online_MOPDL_DC_CashAtStore_Txn_Testdata" time="512.57" classname="tests.QCStore"/>
  <testcase name="QC_Sprint_Online_MOPDL_ACH_CashAtStore_Txn_Testdata" time="0.0" classname="tests.QCStore">
    <ignored/>
  </testcase> <!-- QC_Sprint_Online_MOPDL_ACH_CashAtStore_Txn_Testdata -->
  <testcase name="QC_Sprint_Online_MOPDL_DC_ACH_Txn_Testdata" time="0.0" classname="tests.QCStore">
    <ignored/>
  </testcase> <!-- QC_Sprint_Online_MOPDL_DC_ACH_Txn_Testdata -->
  <testcase name="QC_Sprint_Online_MOPDL_ACH_Txn_Testdata" time="0.0" classname="tests.QCStore">
    <ignored/>
  </testcase> <!-- QC_Sprint_Online_MOPDL_ACH_Txn_Testdata -->
  <testcase name="QC_Sprint5_B20_389_01_Online_MOPDL_ACH_CashAtStore_Txn_Testdata" time="0.0" classname="tests.QCStore">
    <ignored/>
  </testcase> <!-- QC_Sprint5_B20_389_01_Online_MOPDL_ACH_CashAtStore_Txn_Testdata -->
</testsuite> <!-- Test -->
