<?xml version="1.0" encoding="UTF-8"?>
<testng-results skipped="0" failed="0" ignored="22" total="23" passed="1">
  <reporter-output>
  </reporter-output>
  <suite name="Suite" duration-ms="1654125" started-at="2020-07-02T11:34:23Z" finished-at="2020-07-02T12:01:57Z">
    <groups>
      <group name="Ratikanta_LOC_Accounting_1">
        <method signature="QCStore.QC_LOC_Payment_Default_Repo_Refinance_Txn_Testdata()[pri:21, instance:tests.QCStore@56235b8e]" name="QC_LOC_Payment_Default_Repo_Refinance_Txn_Testdata" class="tests.QCStore"/>
      </group> <!-- Ratikanta_LOC_Accounting_1 -->
    </groups>
    <test name="Test" duration-ms="1654125" started-at="2020-07-02T11:34:23Z" finished-at="2020-07-02T12:01:57Z">
      <class name="tests.QCStore">
        <test-method status="PASS" signature="setup()[pri:0, instance:tests.QCStore@56235b8e]" name="setup" is-config="true" duration-ms="78" started-at="2020-07-02T11:34:23Z" finished-at="2020-07-02T11:34:23Z">
          <reporter-output>
          </reporter-output>
        </test-method> <!-- setup -->
        <test-method status="PASS" signature="killProcess()[pri:0, instance:tests.QCStore@56235b8e]" name="killProcess" is-config="true" duration-ms="5001" started-at="2020-07-02T11:34:23Z" finished-at="2020-07-02T11:34:28Z">
          <reporter-output>
          </reporter-output>
        </test-method> <!-- killProcess -->
        <test-method status="PASS" signature="QC_LOC_Payment_Default_Repo_Refinance_Txn_Testdata()[pri:21, instance:tests.QCStore@56235b8e]" name="QC_LOC_Payment_Default_Repo_Refinance_Txn_Testdata" duration-ms="1648265" started-at="2020-07-02T11:34:28Z" finished-at="2020-07-02T12:01:56Z">
          <reporter-output>
          </reporter-output>
        </test-method> <!-- QC_LOC_Payment_Default_Repo_Refinance_Txn_Testdata -->
        <test-method status="PASS" signature="getResult(org.testng.ITestResult)[pri:0, instance:tests.QCStore@56235b8e]" name="getResult" is-config="true" duration-ms="766" started-at="2020-07-02T12:01:56Z" finished-at="2020-07-02T12:01:57Z">
          <params>
            <param index="0">
              <value>
                <![CDATA[[TestResult name=QC_LOC_Payment_Default_Repo_Refinance_Txn_Testdata status=SUCCESS method=QCStore.QC_LOC_Payment_Default_Repo_Refinance_Txn_Testdata()[pri:21, instance:tests.QCStore@56235b8e] output={null}]]]>
              </value>
            </param>
          </params>
          <reporter-output>
          </reporter-output>
        </test-method> <!-- getResult -->
        <test-method status="PASS" signature="endReport()[pri:0, instance:tests.QCStore@56235b8e]" name="endReport" is-config="true" duration-ms="0" started-at="2020-07-02T12:01:56Z" finished-at="2020-07-02T12:01:56Z">
          <reporter-output>
          </reporter-output>
        </test-method> <!-- endReport -->
      </class> <!-- tests.QCStore -->
    </test> <!-- Test -->
  </suite> <!-- Suite -->
</testng-results>
