<?xml version="1.0" encoding="UTF-8"?>
<!-- Generated by org.testng.reporters.JUnitXMLReporter -->
<testsuite hostname="QTLSYS0-225" ignored="14" name="Test" tests="1" failures="0" timestamp="01 Jul 2020 05:15:13 GMT" time="1828.189" errors="0">
  <testcase name="QC_3Payments_Refinance_Weekly_StepSame_LoanAmountEdit_Txn_Testdata" time="1822.883" classname="tests.QCStore"/>
  <testcase name="QC_3Payments_Refinance_Monthly_StepUp_NoCash_Txn_Testdata" time="0.0" classname="tests.QCStore">
    <ignored/>
  </testcase> <!-- QC_3Payments_Refinance_Monthly_StepUp_NoCash_Txn_Testdata -->
  <testcase name="QC_3Payments_Refinance_Weekly_StepUp_NoCash_Txn_Testdata" time="0.0" classname="tests.QCStore">
    <ignored/>
  </testcase> <!-- QC_3Payments_Refinance_Weekly_StepUp_NoCash_Txn_Testdata -->
  <testcase name="QC_3Payments_Refinance_Monthly_StepUp_Txn_Testdata" time="0.0" classname="tests.QCStore">
    <ignored/>
  </testcase> <!-- QC_3Payments_Refinance_Monthly_StepUp_Txn_Testdata -->
  <testcase name="QC_2Payments_Refinance_Monthly_StepUp_Txn_Testdata" time="0.0" classname="tests.QCStore">
    <ignored/>
  </testcase> <!-- QC_2Payments_Refinance_Monthly_StepUp_Txn_Testdata -->
  <testcase name="QC_3Payments_Refinance_Monthly_StepDown_NoCash_Txn_Testdata" time="0.0" classname="tests.QCStore">
    <ignored/>
  </testcase> <!-- QC_3Payments_Refinance_Monthly_StepDown_NoCash_Txn_Testdata -->
  <testcase name="QC_3Payments_Refinance_Semimonthly_StepUp_NoCashout_Txn_Testdata" time="0.0" classname="tests.QCStore">
    <ignored/>
  </testcase> <!-- QC_3Payments_Refinance_Semimonthly_StepUp_NoCashout_Txn_Testdata -->
  <testcase name="QC_3Payments_Refinance_BiWeekly_StepUp_NoCash_Txn_Testdata" time="0.0" classname="tests.QCStore">
    <ignored/>
  </testcase> <!-- QC_3Payments_Refinance_BiWeekly_StepUp_NoCash_Txn_Testdata -->
  <testcase name="QC_2Payments_Refinance_Monthly_StepSame_Txn_Testdata" time="0.0" classname="tests.QCStore">
    <ignored/>
  </testcase> <!-- QC_2Payments_Refinance_Monthly_StepSame_Txn_Testdata -->
  <testcase name="QC_3Payments_Refinance_Weekly_StepUp_Txn_Testdata" time="0.0" classname="tests.QCStore">
    <ignored/>
  </testcase> <!-- QC_3Payments_Refinance_Weekly_StepUp_Txn_Testdata -->
  <testcase name="QC_3Payments_Refinance_BiWeekly_StepDown_LoanAmountEdit_Txn_Testdata" time="0.0" classname="tests.QCStore">
    <ignored/>
  </testcase> <!-- QC_3Payments_Refinance_BiWeekly_StepDown_LoanAmountEdit_Txn_Testdata -->
  <testcase name="QC_3Payments_Refinance_Monthly_StepDown_LoanAmountEdit_Txn_Testdata" time="0.0" classname="tests.QCStore">
    <ignored/>
  </testcase> <!-- QC_3Payments_Refinance_Monthly_StepDown_LoanAmountEdit_Txn_Testdata -->
  <testcase name="QC_3Payments_Refinance_Semimonthly_StepUp_LoanAmt_Edit_Txn_Testdata" time="0.0" classname="tests.QCStore">
    <ignored/>
  </testcase> <!-- QC_3Payments_Refinance_Semimonthly_StepUp_LoanAmt_Edit_Txn_Testdata -->
  <testcase name="QC_2Payments_Refinance_Monthly_StepDown_Txn_Testdata" time="0.0" classname="tests.QCStore">
    <ignored/>
  </testcase> <!-- QC_2Payments_Refinance_Monthly_StepDown_Txn_Testdata -->
  <testcase name="QC_3Payments_Refinance_BiWeekly_StepUp_Txn_Testdata" time="0.0" classname="tests.QCStore">
    <ignored/>
  </testcase> <!-- QC_3Payments_Refinance_BiWeekly_StepUp_Txn_Testdata -->
</testsuite> <!-- Test -->
