<?xml version="1.0" encoding="UTF-8"?>
<testng-results skipped="0" failed="0" ignored="14" total="15" passed="1">
  <reporter-output>
  </reporter-output>
  <suite name="Suite" duration-ms="1828189" started-at="2020-07-01T04:44:45Z" finished-at="2020-07-01T05:15:13Z">
    <groups>
      <group name="Ratikanta_ILP_Weekly_1">
        <method signature="QCStore.QC_3Payments_Refinance_Weekly_StepSame_LoanAmountEdit_Txn_Testdata()[pri:5, instance:tests.QCStore@4e9ba398]" name="QC_3Payments_Refinance_Weekly_StepSame_LoanAmountEdit_Txn_Testdata" class="tests.QCStore"/>
      </group> <!-- Ratikanta_ILP_Weekly_1 -->
    </groups>
    <test name="Test" duration-ms="1828189" started-at="2020-07-01T04:44:45Z" finished-at="2020-07-01T05:15:13Z">
      <class name="tests.QCStore">
        <test-method status="PASS" signature="setup()[pri:0, instance:tests.QCStore@4e9ba398]" name="setup" is-config="true" duration-ms="88" started-at="2020-07-01T04:44:45Z" finished-at="2020-07-01T04:44:45Z">
          <reporter-output>
          </reporter-output>
        </test-method> <!-- setup -->
        <test-method status="PASS" signature="killProcess()[pri:0, instance:tests.QCStore@4e9ba398]" name="killProcess" is-config="true" duration-ms="5022" started-at="2020-07-01T04:44:45Z" finished-at="2020-07-01T04:44:50Z">
          <reporter-output>
          </reporter-output>
        </test-method> <!-- killProcess -->
        <test-method status="PASS" signature="QC_3Payments_Refinance_Weekly_StepSame_LoanAmountEdit_Txn_Testdata()[pri:5, instance:tests.QCStore@4e9ba398]" name="QC_3Payments_Refinance_Weekly_StepSame_LoanAmountEdit_Txn_Testdata" duration-ms="1822883" started-at="2020-07-01T04:44:50Z" finished-at="2020-07-01T05:15:13Z">
          <reporter-output>
          </reporter-output>
        </test-method> <!-- QC_3Payments_Refinance_Weekly_StepSame_LoanAmountEdit_Txn_Testdata -->
        <test-method status="PASS" signature="endReport()[pri:0, instance:tests.QCStore@4e9ba398]" name="endReport" is-config="true" duration-ms="0" started-at="2020-07-01T05:15:13Z" finished-at="2020-07-01T05:15:13Z">
          <reporter-output>
          </reporter-output>
        </test-method> <!-- endReport -->
        <test-method status="PASS" signature="getResult(org.testng.ITestResult)[pri:0, instance:tests.QCStore@4e9ba398]" name="getResult" is-config="true" duration-ms="183" started-at="2020-07-01T05:15:13Z" finished-at="2020-07-01T05:15:13Z">
          <params>
            <param index="0">
              <value>
                <![CDATA[[TestResult name=QC_3Payments_Refinance_Weekly_StepSame_LoanAmountEdit_Txn_Testdata status=SUCCESS method=QCStore.QC_3Payments_Refinance_Weekly_StepSame_LoanAmountEdit_Txn_Testdata()[pri:5, instance:tests.QCStore@4e9ba398] output={null}]]]>
              </value>
            </param>
          </params>
          <reporter-output>
          </reporter-output>
        </test-method> <!-- getResult -->
      </class> <!-- tests.QCStore -->
    </test> <!-- Test -->
  </suite> <!-- Suite -->
</testng-results>
