<?xml version="1.0" encoding="UTF-8"?>
<testng-results skipped="0" failed="0" ignored="22" total="23" passed="1">
  <reporter-output>
  </reporter-output>
  <suite name="Suite" duration-ms="294172" started-at="2020-07-13T12:06:45Z" finished-at="2020-07-13T12:11:40Z">
    <groups>
      <group name="Ratikanta_Online_WIILP_1">
        <method signature="QCStore.QC_Sprint_Online_WIILP_ACH_Txn_Testdata()[pri:1, instance:tests.QCStore@56235b8e]" name="QC_Sprint_Online_WIILP_ACH_Txn_Testdata" class="tests.QCStore"/>
      </group> <!-- Ratikanta_Online_WIILP_1 -->
    </groups>
    <test name="Test" duration-ms="294172" started-at="2020-07-13T12:06:45Z" finished-at="2020-07-13T12:11:40Z">
      <class name="tests.QCStore">
        <test-method status="PASS" signature="setup()[pri:0, instance:tests.QCStore@56235b8e]" name="setup" is-config="true" duration-ms="9922" started-at="2020-07-13T12:06:45Z" finished-at="2020-07-13T12:06:55Z">
          <reporter-output>
          </reporter-output>
        </test-method> <!-- setup -->
        <test-method status="PASS" signature="killProcess()[pri:0, instance:tests.QCStore@56235b8e]" name="killProcess" is-config="true" duration-ms="5010" started-at="2020-07-13T12:06:55Z" finished-at="2020-07-13T12:07:00Z">
          <reporter-output>
          </reporter-output>
        </test-method> <!-- killProcess -->
        <test-method status="PASS" signature="QC_Sprint_Online_WIILP_ACH_Txn_Testdata()[pri:1, instance:tests.QCStore@56235b8e]" name="QC_Sprint_Online_WIILP_ACH_Txn_Testdata" duration-ms="278377" started-at="2020-07-13T12:07:00Z" finished-at="2020-07-13T12:11:39Z">
          <reporter-output>
          </reporter-output>
        </test-method> <!-- QC_Sprint_Online_WIILP_ACH_Txn_Testdata -->
        <test-method status="PASS" signature="getResult(org.testng.ITestResult)[pri:0, instance:tests.QCStore@56235b8e]" name="getResult" is-config="true" duration-ms="858" started-at="2020-07-13T12:11:39Z" finished-at="2020-07-13T12:11:40Z">
          <params>
            <param index="0">
              <value>
                <![CDATA[[TestResult name=QC_Sprint_Online_WIILP_ACH_Txn_Testdata status=SUCCESS method=QCStore.QC_Sprint_Online_WIILP_ACH_Txn_Testdata()[pri:1, instance:tests.QCStore@56235b8e] output={null}]]]>
              </value>
            </param>
          </params>
          <reporter-output>
          </reporter-output>
        </test-method> <!-- getResult -->
        <test-method status="PASS" signature="endReport()[pri:0, instance:tests.QCStore@56235b8e]" name="endReport" is-config="true" duration-ms="0" started-at="2020-07-13T12:11:39Z" finished-at="2020-07-13T12:11:39Z">
          <reporter-output>
          </reporter-output>
        </test-method> <!-- endReport -->
      </class> <!-- tests.QCStore -->
    </test> <!-- Test -->
  </suite> <!-- Suite -->
</testng-results>
